0 info it worked if it ends with ok
1 verbose cli [ '/Applications/Atom.app/Contents/Resources/app/apm/bin/node',
1 verbose cli   '/Applications/Atom.app/Contents/Resources/app/apm/node_modules/npm/bin/npm-cli.js',
1 verbose cli   'version',
1 verbose cli   'v0.3.0',
1 verbose cli   '-m',
1 verbose cli   'Prepare %s release' ]
2 info using npm@3.10.10
3 info using node@v6.9.5
4 info git [ 'status', '--porcelain' ]
5 info lifecycle winterm@0.3.0~preversion: winterm@0.3.0
6 silly lifecycle winterm@0.3.0~preversion: no script for preversion, continuing
7 verbose version.write data { name: 'winterm',
7 verbose version.write   main: './lib/winterm',
7 verbose version.write   version: '0.3.0',
7 verbose version.write   description: 'Open a terminal in your current files directory.',
7 verbose version.write   keywords: [ 'terminal', 'windows 10', 'file location terminal' ],
7 verbose version.write   activationCommands: { 'atom-workspace': 'winterm:isComing' },
7 verbose version.write   repository:
7 verbose version.write    { type: 'git',
7 verbose version.write      url: 'https://github.com/michaelmano/WinterM.git' },
7 verbose version.write   license: 'MIT',
7 verbose version.write   engines: { atom: '>=1.0.0 <2.0.0' },
7 verbose version.write   dependencies: {},
7 verbose version.write   readme: '# winterm package\n\nUSAGE\n-----\n\n1 - Edit settings to change default terminal. \n\n\t Type Ctrl+cmd+T and a terminal will open in your current files directory.\n',
7 verbose version.write   readmeFilename: 'README.md',
7 verbose version.write   bugs: { url: 'https://github.com/michaelmano/WinterM/issues' },
7 verbose version.write   homepage: 'https://github.com/michaelmano/WinterM' } to package.json
8 info lifecycle winterm@0.3.0~version: winterm@0.3.0
9 silly lifecycle winterm@0.3.0~version: no script for version, continuing
10 info git [ 'add',
10 info git   '/Users/mmano/Development/Projects/WinterM/package.json' ]
11 info git [ 'commit', '-m', 'Prepare 0.3.0 release' ]
12 info git [ 'tag', 'v0.3.0', '-sm', 'Prepare 0.3.0 release' ]
13 verbose stack Error: Command failed: git tag v0.3.0 -sm Prepare 0.3.0 release
13 verbose stack fatal: tag 'v0.3.0' already exists
13 verbose stack
13 verbose stack     at ChildProcess.exithandler (child_process.js:206:12)
13 verbose stack     at emitTwo (events.js:106:13)
13 verbose stack     at ChildProcess.emit (events.js:191:7)
13 verbose stack     at maybeClose (internal/child_process.js:877:16)
13 verbose stack     at Process.ChildProcess._handle.onexit (internal/child_process.js:226:5)
14 verbose cwd /Users/mmano/Development/Projects/WinterM
15 error Darwin 17.5.0
16 error argv "/Applications/Atom.app/Contents/Resources/app/apm/bin/node" "/Applications/Atom.app/Contents/Resources/app/apm/node_modules/npm/bin/npm-cli.js" "version" "v0.3.0" "-m" "Prepare %s release"
17 error node v6.9.5
18 error npm  v3.10.10
19 error code 128
20 error Command failed: git tag v0.3.0 -sm Prepare 0.3.0 release
20 error fatal: tag 'v0.3.0' already exists
21 error If you need help, you may report this error at:
21 error     <https://github.com/npm/npm/issues>
22 verbose exit [ 1, true ]
